2025-10-25 15:34:53,983 - INFO - Starting backup: backup_2025-10-25_15-34-53.zip
2025-10-25 15:34:53,986 - INFO - Simulating cloud upload: backup_2025-10-25_15-34-53.zip
2025-10-25 15:34:53,987 - INFO - Cloud upload simulated successfully: backup_2025-10-25_15-34-53.zip
2025-10-25 15:34:53,987 - INFO - Backup completed successfully: backup_2025-10-25_15-34-53.zip
2025-10-25 15:35:29,594 - INFO - Starting backup: backup_2025-10-25_15-35-29.zip
2025-10-25 15:35:29,596 - INFO - Simulating cloud upload: backup_2025-10-25_15-35-29.zip
2025-10-25 15:35:29,596 - INFO - Cloud upload simulated successfully: backup_2025-10-25_15-35-29.zip
2025-10-25 15:35:29,596 - INFO - Backup completed successfully: backup_2025-10-25_15-35-29.zip
2025-10-25 15:46:12,269 - INFO - Starting backup: backup_2025-10-25_15-46-12.zip
2025-10-25 15:46:12,273 - INFO - Simulating cloud upload: backup_2025-10-25_15-46-12.zip
2025-10-25 15:46:12,273 - INFO - Cloud upload simulated successfully: backup_2025-10-25_15-46-12.zip
2025-10-25 15:46:12,273 - INFO - Backup completed successfully: backup_2025-10-25_15-46-12.zip
2025-10-25 16:30:50,313 - ERROR - 🚨 SIMULATING DISASTER: Server Crash!
2025-10-25 16:30:50,339 - INFO - System health dropped to 0%. Triggering emergency backup...
2025-10-25 16:30:50,340 - INFO - ============================================================
2025-10-25 16:30:50,341 - INFO - 💾 STARTING BACKUP OPERATION
2025-10-25 16:30:50,359 - INFO - ============================================================
2025-10-25 16:30:50,359 - INFO - Starting backup: backup_2025-10-25_16-30-50.zip
2025-10-25 16:30:50,360 - INFO - Simulating cloud upload: backup_2025-10-25_16-30-50.zip
2025-10-25 16:30:50,361 - INFO - Cloud upload simulated successfully: backup_2025-10-25_16-30-50.zip
2025-10-25 16:30:50,361 - INFO - Backup completed successfully: backup_2025-10-25_16-30-50.zip
2025-10-25 16:30:50,362 - INFO - ✅ Backup: backup_2025-10-25_16-30-50.zip
2025-10-25 16:30:50,368 - INFO -    Files: 1
2025-10-25 16:30:50,368 - INFO -    Size: 0.0 MB
2025-10-25 16:30:50,369 - INFO - ☁️  Uploaded to cloud
2025-10-25 16:30:58,612 - ERROR - 🚨 SIMULATING DISASTER: Server Overload!
2025-10-25 16:30:58,633 - INFO - CPU 98%, Memory 95%. Triggering emergency backup...
2025-10-25 16:30:58,637 - INFO - ============================================================
2025-10-25 16:30:58,640 - INFO - 💾 STARTING BACKUP OPERATION
2025-10-25 16:30:58,659 - INFO - ============================================================
2025-10-25 16:30:58,675 - INFO - Starting backup: backup_2025-10-25_16-30-58.zip
2025-10-25 16:30:58,676 - INFO - Simulating cloud upload: backup_2025-10-25_16-30-58.zip
2025-10-25 16:30:58,677 - INFO - Cloud upload simulated successfully: backup_2025-10-25_16-30-58.zip
2025-10-25 16:30:58,677 - INFO - Backup completed successfully: backup_2025-10-25_16-30-58.zip
2025-10-25 16:30:58,678 - INFO - ✅ Backup: backup_2025-10-25_16-30-58.zip
2025-10-25 16:30:58,685 - INFO -    Files: 1
2025-10-25 16:30:58,688 - INFO -    Size: 0.0 MB
2025-10-25 16:30:58,691 - INFO - ☁️  Uploaded to cloud
2025-10-25 16:31:16,662 - INFO - Auto-Backup ENABLED. Running every 5 minutes.
2025-10-25 16:31:16,688 - INFO - Auto-Backup: Triggering automated backup...
2025-10-25 16:31:16,692 - INFO - ============================================================
2025-10-25 16:31:16,715 - INFO - 💾 STARTING BACKUP OPERATION
2025-10-25 16:31:16,722 - INFO - ============================================================
2025-10-25 16:31:16,741 - INFO - Starting backup: backup_2025-10-25_16-31-16.zip
2025-10-25 16:31:16,743 - INFO - Simulating cloud upload: backup_2025-10-25_16-31-16.zip
2025-10-25 16:31:16,743 - INFO - Cloud upload simulated successfully: backup_2025-10-25_16-31-16.zip
2025-10-25 16:31:16,743 - INFO - Backup completed successfully: backup_2025-10-25_16-31-16.zip
2025-10-25 16:31:16,746 - INFO - ✅ Backup: backup_2025-10-25_16-31-16.zip
2025-10-25 16:31:16,751 - INFO -    Files: 1
2025-10-25 16:31:16,756 - INFO -    Size: 0.0 MB
2025-10-25 16:31:16,793 - INFO - ☁️  Uploaded to cloud
